<?xml version="1.0" encoding="UTF-8"?>
<testsuite xmlns:xsi="http://www.w3.org/2001/XMLSchema-instance" xsi:noNamespaceSchemaLocation="https://maven.apache.org/surefire/maven-surefire-plugin/xsd/surefire-test-report.xsd" name="com.mycompany.app.AppTest" time="0.086" tests="1" errors="0" skipped="0" failures="0">
  <properties>
    <property name="awt.toolkit" value="sun.awt.X11.XToolkit"/>
    <property name="file.encoding.pkg" value="sun.io"/>
    <property name="java.specification.version" value="1.8"/>
    <property name="sun.cpu.isalist" value=""/>
    <property name="sun.jnu.encoding" value="UTF-8"/>
    <property name="java.class.path" value="/home/ochaun/repos/lastLog4j/src/my-app/target/test-classes:/home/ochaun/repos/lastLog4j/src/my-app/target/classes:/home/ochaun/.m2/repository/junit/junit/4.11/junit-4.11.jar:/home/ochaun/.m2/repository/org/hamcrest/hamcrest-core/1.3/hamcrest-core-1.3.jar:"/>
    <property name="java.vm.vendor" value="Oracle Corporation"/>
    <property name="sun.arch.data.model" value="64"/>
    <property name="java.vendor.url" value="http://java.oracle.com/"/>
    <property name="user.timezone" value=""/>
    <property name="java.vm.specification.version" value="1.8"/>
    <property name="os.name" value="Linux"/>
    <property name="user.country" value="US"/>
    <property name="sun.java.launcher" value="SUN_STANDARD"/>
    <property name="sun.boot.library.path" value="/opt/java-1.8.0-openjdk-1.8.0.121-0.b13.el6_8.x86_64/jre/lib/amd64"/>
    <property name="sun.java.command" value="/home/ochaun/repos/lastLog4j/src/my-app/target/surefire/surefirebooter1588225590553523571.jar /home/ochaun/repos/lastLog4j/src/my-app/target/surefire 2022-07-07T18-52-43_369-jvmRun1 surefire8493494735473823174tmp surefire_06204407434395604372tmp"/>
    <property name="surefire.test.class.path" value="/home/ochaun/repos/lastLog4j/src/my-app/target/test-classes:/home/ochaun/repos/lastLog4j/src/my-app/target/classes:/home/ochaun/.m2/repository/junit/junit/4.11/junit-4.11.jar:/home/ochaun/.m2/repository/org/hamcrest/hamcrest-core/1.3/hamcrest-core-1.3.jar:"/>
    <property name="sun.cpu.endian" value="little"/>
    <property name="user.home" value="/home/ochaun"/>
    <property name="user.language" value="en"/>
    <property name="java.specification.vendor" value="Oracle Corporation"/>
    <property name="java.home" value="/opt/java-1.8.0-openjdk-1.8.0.121-0.b13.el6_8.x86_64/jre"/>
    <property name="basedir" value="/home/ochaun/repos/lastLog4j/src/my-app"/>
    <property name="file.separator" value="/"/>
    <property name="line.separator" value="&#10;"/>
    <property name="java.vm.specification.vendor" value="Oracle Corporation"/>
    <property name="java.specification.name" value="Java Platform API Specification"/>
    <property name="java.awt.graphicsenv" value="sun.awt.X11GraphicsEnvironment"/>
    <property name="surefire.real.class.path" value="/home/ochaun/repos/lastLog4j/src/my-app/target/surefire/surefirebooter1588225590553523571.jar"/>
    <property name="sun.boot.class.path" value="/opt/java-1.8.0-openjdk-1.8.0.121-0.b13.el6_8.x86_64/jre/lib/resources.jar:/opt/java-1.8.0-openjdk-1.8.0.121-0.b13.el6_8.x86_64/jre/lib/rt.jar:/opt/java-1.8.0-openjdk-1.8.0.121-0.b13.el6_8.x86_64/jre/lib/sunrsasign.jar:/opt/java-1.8.0-openjdk-1.8.0.121-0.b13.el6_8.x86_64/jre/lib/jsse.jar:/opt/java-1.8.0-openjdk-1.8.0.121-0.b13.el6_8.x86_64/jre/lib/jce.jar:/opt/java-1.8.0-openjdk-1.8.0.121-0.b13.el6_8.x86_64/jre/lib/charsets.jar:/opt/java-1.8.0-openjdk-1.8.0.121-0.b13.el6_8.x86_64/jre/lib/jfr.jar:/opt/java-1.8.0-openjdk-1.8.0.121-0.b13.el6_8.x86_64/jre/classes"/>
    <property name="sun.management.compiler" value="HotSpot 64-Bit Tiered Compilers"/>
    <property name="java.runtime.version" value="1.8.0_121-b13"/>
    <property name="user.name" value="ochaun"/>
    <property name="path.separator" value=":"/>
    <property name="os.version" value="5.10.114-16024-gbdf1547bd4f4"/>
    <property name="java.endorsed.dirs" value="/opt/java-1.8.0-openjdk-1.8.0.121-0.b13.el6_8.x86_64/jre/lib/endorsed"/>
    <property name="java.runtime.name" value="OpenJDK Runtime Environment"/>
    <property name="file.encoding" value="UTF-8"/>
    <property name="java.vm.name" value="OpenJDK 64-Bit Server VM"/>
    <property name="localRepository" value="/home/ochaun/.m2/repository"/>
    <property name="java.vendor.url.bug" value="http://bugreport.sun.com/bugreport/"/>
    <property name="java.io.tmpdir" value="/tmp"/>
    <property name="java.version" value="1.8.0_121"/>
    <property name="user.dir" value="/home/ochaun/repos/lastLog4j/src/my-app"/>
    <property name="os.arch" value="amd64"/>
    <property name="java.vm.specification.name" value="Java Virtual Machine Specification"/>
    <property name="java.awt.printerjob" value="sun.print.PSPrinterJob"/>
    <property name="sun.os.patch.level" value="unknown"/>
    <property name="java.library.path" value="/usr/java/packages/lib/amd64:/usr/lib64:/lib64:/lib:/usr/lib"/>
    <property name="java.vm.info" value="mixed mode"/>
    <property name="java.vendor" value="Oracle Corporation"/>
    <property name="java.vm.version" value="25.121-b13"/>
    <property name="java.ext.dirs" value="/opt/java-1.8.0-openjdk-1.8.0.121-0.b13.el6_8.x86_64/jre/lib/ext:/usr/java/packages/lib/ext"/>
    <property name="sun.io.unicode.encoding" value="UnicodeLittle"/>
    <property name="java.class.version" value="52.0"/>
  </properties>
  <testcase name="shouldAnswerWithTrue" classname="com.mycompany.app.AppTest" time="0.002"/>
</testsuite>